
> vibe-generated-app@1.0.0 dev
> vite


  VITE v5.4.20  ready in 454 ms

  ➜  Local:   http://localhost:3000/
  ➜  Network: http://172.20.25.140:3000/
6:04:59 PM [vite] Pre-transform error: Transform failed with 1 error:
/home/workspace/src/Hero.jsx:19:10: ERROR: Expected "}" but found "{"
6:05:00 PM [vite] Internal server error: Transform failed with 1 error:
/home/workspace/src/Hero.jsx:19:10: ERROR: Expected "}" but found "{"
  Plugin: vite:esbuild
  File: /home/workspace/src/Hero.jsx:19:10
  
  Expected "}" but found "{"
  17 |            {/* inner pulse */
  18 |            <div className="absolute inset-0 animate-pulse rounded-full bg-white/10" />
  19 |            {/* concentric rings for spline feel */}
     |            ^
  20 |            <div className="absolute inset-16 rounded-full border border-white/20" />
  21 |            <div className="absolute inset-28 rounded-full border border-white/15" />
  
      at failureErrorWithLog (/home/workspace/node_modules/esbuild/lib/main.js:1472:15)
      at /home/workspace/node_modules/esbuild/lib/main.js:755:50
      at responseCallbacks.<computed> (/home/workspace/node_modules/esbuild/lib/main.js:622:9)
      at handleIncomingPacket (/home/workspace/node_modules/esbuild/lib/main.js:677:12)
      at Socket.readFromStdout (/home/workspace/node_modules/esbuild/lib/main.js:600:7)
      at Socket.emit (node:events:508:28)
      at addChunk (node:internal/streams/readable:559:12)
      at readableAddChunkPushByteMode (node:internal/streams/readable:510:3)
      at Readable.push (node:internal/streams/readable:390:5)
      at Pipe.onStreamRead (node:internal/stream_base_commons:189:23)
6:05:20 PM [vite] Internal server error: Transform failed with 1 error:
/home/workspace/src/Hero.jsx:19:10: ERROR: Expected "}" but found "{"
  Plugin: vite:esbuild
  File: /home/workspace/src/Hero.jsx:19:10
  
  Expected "}" but found "{"
  17 |            {/* inner pulse */
  18 |            <div className="absolute inset-0 animate-pulse rounded-full bg-white/10" />
  19 |            {/* concentric rings for spline feel */}
     |            ^
  20 |            <div className="absolute inset-16 rounded-full border border-white/20" />
  21 |            <div className="absolute inset-28 rounded-full border border-white/15" />
  
      at failureErrorWithLog (/home/workspace/node_modules/esbuild/lib/main.js:1472:15)
      at /home/workspace/node_modules/esbuild/lib/main.js:755:50
      at responseCallbacks.<computed> (/home/workspace/node_modules/esbuild/lib/main.js:622:9)
      at handleIncomingPacket (/home/workspace/node_modules/esbuild/lib/main.js:677:12)
      at Socket.readFromStdout (/home/workspace/node_modules/esbuild/lib/main.js:600:7)
      at Socket.emit (node:events:508:28)
      at addChunk (node:internal/streams/readable:559:12)
      at readableAddChunkPushByteMode (node:internal/streams/readable:510:3)
      at Readable.push (node:internal/streams/readable:390:5)
      at Pipe.onStreamRead (node:internal/stream_base_commons:189:23)
